Arguments: 
  C:\Program Files\nodejs\node.exe C:\Users\siim95\AppData\Roaming\npm\node_modules\yarn\bin\yarn.js install

PATH: 
  C:\Program Files (x86)\Common Files\Oracle\Java\javapath;C:\Program Files\PostgreSQL\12\bin;C:\Program Files\PuTTY\;C:\Users\siim95\AppData\Roaming\nvm;C:\Program Files\nodejs;C:\WINDOWS\system32;C:\WINDOWS;C:\WINDOWS\System32\Wbem;C:\WINDOWS\System32\WindowsPowerShell\v1.0\;C:\WINDOWS\System32\OpenSSH\;C:\Program Files (x86)\IDEMIA\AWP\Dlls;C:\Program Files\IDEMIA\AWP\Dlls;C:\Program Files\Git\cmd;C;C:\Program Files\nodejs\;C:\Windows\System32;C:\Users\siim95\AppData\Local\Microsoft\WindowsApps;C:\Users\siim95\AppData\Local\Programs\Microsoft VS Code\bin;C:\Users\siim95\AppData\Local\GitHubDesktop\bin;C:\Program Files\mingw-w64\x86_64-8.1.0-posix-seh-rt_v6-rev0\mingw64\bin;C:\Program Files\mingw-w64\msys\1.0\bin;C:\Users\siim95\AppData\Roaming\npm

Yarn version: 
  1.22.10

Node version: 
  14.16.0

Platform: 
  win32 x64

Trace: 
  SyntaxError: C:\Users\siim95\Desktop\school\InteraktiivsedEeskomponendid\Endaversioon\lecture1\package.json: Unexpected end of JSON input
      at JSON.parse (<anonymous>)
      at C:\Users\siim95\AppData\Roaming\npm\node_modules\yarn\lib\cli.js:1625:59
      at Generator.next (<anonymous>)
      at step (C:\Users\siim95\AppData\Roaming\npm\node_modules\yarn\lib\cli.js:310:30)
      at C:\Users\siim95\AppData\Roaming\npm\node_modules\yarn\lib\cli.js:321:13

npm manifest: 
  

yarn manifest: 
  No manifest

Lockfile: 
  # THIS IS AN AUTOGENERATED FILE. DO NOT EDIT THIS FILE DIRECTLY.
  # yarn lockfile v1
